<?xml version="1.0" encoding="UTF-8"?>
<!-- Generated by org.testng.reporters.JUnitReportReporter -->
<testsuite hostname="Vinayaks-MacBook-Pro.local" failures="0" tests="1" name="exceptions.Exceptions" time="11.130" errors="0" timestamp="2023-10-12T20:14:05 IST" skipped="0">
  <testcase classname="exceptions.Exceptions" name="testInvalidStateElementException" time="11.130"/>
</testsuite> <!-- exceptions.Exceptions -->
