<?xml version="1.0" encoding="UTF-8"?>
<!-- Generated by org.testng.reporters.JUnitReportReporter -->
<testsuite hostname="Vinayaks-MacBook-Pro.local" failures="0" tests="1" name="tests.HandlingCheckboxes" time="34.068" errors="0" timestamp="2023-10-18T19:41:14 IST" skipped="0">
  <testcase classname="tests.HandlingCheckboxes" name="test" time="34.068"/>
</testsuite> <!-- tests.HandlingCheckboxes -->
