<?xml version="1.0" encoding="UTF-8"?>
<!-- Generated by org.testng.reporters.JUnitReportReporter -->
<testsuite hostname="Vinayaks-MacBook-Pro.local" failures="0" tests="1" name="tests.WebTableTest" time="17.435" errors="0" timestamp="2023-10-18T19:41:14 IST" skipped="0">
  <testcase classname="tests.WebTableTest" name="f" time="17.435"/>
</testsuite> <!-- tests.WebTableTest -->
