<?xml version="1.0" encoding="UTF-8"?>
<!-- Generated by org.testng.reporters.JUnitReportReporter -->
<testsuite hostname="Vinayaks-MacBook-Pro.local" failures="0" tests="5" name="tests.LoginpageFactoryTest" time="23.369" errors="0" timestamp="2023-10-18T20:04:42 IST" skipped="1">
  <testcase classname="tests.LoginpageFactoryTest" name="testLoginwithInValidPassword" time="10.841"/>
  <testcase classname="tests.LoginpageFactoryTest" name="testValidLogin" time="4.277"/>
  <testcase classname="tests.LoginpageFactoryTest" name="testLoginwithInValidUsername" time="4.048"/>
  <testcase classname="tests.LoginpageFactoryTest" name="testLoginDirectFunction" time="4.203"/>
  <testcase classname="tests.LoginpageFactoryTest" name="testLoginwithBlankCredentials">
    <skipped/>
  </testcase> <!-- testLoginwithBlankCredentials -->
</testsuite> <!-- tests.LoginpageFactoryTest -->
